<?xml version="1.0" encoding="UTF-8"?>
<!-- Generated by org.testng.reporters.JUnitReportReporter -->
<testsuite hostname="DIN30000675" name="SeleDemos.TestNGDemo" tests="1" failures="0" timestamp="22 Nov 2019 05:16:05 GMT" time="21.002" errors="0">
  <testcase name="f" time="21.002" classname="SeleDemos.TestNGDemo"/>
</testsuite> <!-- SeleDemos.TestNGDemo -->
